<?xml version="1.0" ?>
<!DOCTYPE coverage SYSTEM 'http://cobertura.sourceforge.net/xml/coverage-04.dtd'>
<coverage line-rate="0.917" lines-covered="55" lines-valid="60" branch-rate="1.0" branches-covered="1.0" branches-rate="1.0" complexity="1.0" version="1.9" timestamp="1630111117">
	<sources>
		<source>/home/guscastles/works/rust/projects/timer/src/</source>
	</sources>
	<packages>
		<package name="timer_11c583e751b502af" line-rate="0.917" lines-covered="55" lines-valid="60" branch-rate="1.0" complexity="1.0">
			<classes>
				<class name="timer_rs" filename="timer.rs" branch-rate="1.0" complexity="1.0" line-rate="0.915">
					<lines>
						<line number="17" hits="0"/>
						<line number="19" hits="0"/>
						<line number="20" hits="0"/>
						<line number="26" hits="1"/>
						<line number="27" hits="1"/>
						<line number="31" hits="1"/>
						<line number="35" hits="1"/>
						<line number="36" hits="1"/>
						<line number="37" hits="2"/>
						<line number="38" hits="2"/>
						<line number="39" hits="3"/>
						<line number="40" hits="2"/>
						<line number="41" hits="1"/>
						<line number="42" hits="3"/>
						<line number="43" hits="3"/>
						<line number="44" hits="2"/>
						<line number="45" hits="0"/>
						<line number="51" hits="2"/>
						<line number="54" hits="1"/>
						<line number="55" hits="2"/>
						<line number="56" hits="0"/>
						<line number="58" hits="1"/>
						<line number="60" hits="1"/>
						<line number="61" hits="1"/>
						<line number="70" hits="3"/>
						<line number="71" hits="1"/>
						<line number="72" hits="1"/>
						<line number="73" hits="1"/>
						<line number="74" hits="2"/>
						<line number="77" hits="3"/>
						<line number="78" hits="1"/>
						<line number="79" hits="1"/>
						<line number="80" hits="1"/>
						<line number="81" hits="1"/>
						<line number="82" hits="2"/>
						<line number="85" hits="3"/>
						<line number="86" hits="2"/>
						<line number="87" hits="1"/>
						<line number="88" hits="2"/>
						<line number="89" hits="2"/>
						<line number="92" hits="3"/>
						<line number="93" hits="1"/>
						<line number="94" hits="1"/>
						<line number="95" hits="2"/>
						<line number="98" hits="3"/>
						<line number="99" hits="1"/>
						<line number="100" hits="1"/>
						<line number="101" hits="1"/>
						<line number="102" hits="2"/>
						<line number="105" hits="3"/>
						<line number="106" hits="2"/>
						<line number="107" hits="1"/>
						<line number="108" hits="1"/>
						<line number="109" hits="1"/>
						<line number="110" hits="1"/>
						<line number="112" hits="1"/>
						<line number="113" hits="1"/>
						<line number="114" hits="1"/>
						<line number="115" hits="2"/>
					</lines>
				</class>
				<class name="lib_rs" filename="lib.rs" branch-rate="1.0" complexity="1.0" line-rate="1.000">
					<lines>
						<line number="1" hits="2"/>
					</lines>
				</class>
			</classes>
		</package>
	</packages>
</coverage>
